<?xml version="1.0" encoding="UTF-8"?>
<!-- Generated by org.testng.reporters.JUnitXMLReporter -->
<testsuite ignored="0" hostname="Dinesh" failures="1" tests="10" name="Test" time="59.682" errors="0" timestamp="2021-01-18T09:42:22 IST">
  <testcase classname="com.automation.testcases.HomepageTest" name="SuccessfullSubmitNewsletter" time="2.873"/>
  <testcase classname="com.automation.testcases.HomepageTest" name="UnSuccessfullSubmitNewsletter" time="2.207"/>
  <testcase classname="com.automation.testcases.HomepageTest" name="VerifytheLinkText" time="0.081"/>
  <testcase classname="com.automation.testcases.HomepageTest" name="VerifytheLinkTextThree" time="0.066"/>
  <testcase classname="com.automation.testcases.HomepageTest" name="VerifytheLinkTextTwo" time="0.06"/>
  <testcase classname="com.automation.testcases.HomepageTest" name="VerifythePageTitle" time="0.063"/>
  <testcase classname="com.automation.testcases.HomepageTest" name="EnterSigninPage" time="7.986">
    <failure type="java.lang.AssertionError" message="expected [Login - y Store] but found [Login - My Store]">
      <![CDATA[java.lang.AssertionError: expected [Login - y Store] but found [Login - My Store]
at com.automation.testcases.HomepageTest.EnterSigninPage(HomepageTest.java:79)
at java.base/java.util.ArrayList.forEach(ArrayList.java:1511)
... Removed 33 stack frames]]>
    </failure>
  </testcase> <!-- EnterSigninPage -->
  <testcase classname="com.automation.testcases.testcases" name="getPagetitle" time="0.015"/>
  <testcase classname="com.automation.testcases.LoginPageTest" name="LogontoAccount" time="2.491"/>
  <testcase classname="com.automation.testcases.LoginPageTest" name="VerifyLoginPagetitle" time="0.023"/>
</testsuite> <!-- Test -->
